Determining if the pthread_create exist failed with the following output:
Change Dir: /home/konst/mars_formation/build/CMakeFiles/CMakeTmp

Run Build Command(s):/usr/bin/make cmTC_94c88/fast 
/usr/bin/make -f CMakeFiles/cmTC_94c88.dir/build.make CMakeFiles/cmTC_94c88.dir/build
make[1]: вход в каталог «/home/konst/mars_formation/build/CMakeFiles/CMakeTmp»
Building C object CMakeFiles/cmTC_94c88.dir/CheckSymbolExists.c.o
/usr/bin/cc    -o CMakeFiles/cmTC_94c88.dir/CheckSymbolExists.c.o   -c /home/konst/mars_formation/build/CMakeFiles/CMakeTmp/CheckSymbolExists.c
Linking C executable cmTC_94c88
/usr/local/bin/cmake -E cmake_link_script CMakeFiles/cmTC_94c88.dir/link.txt --verbose=1
/usr/bin/cc      -rdynamic CMakeFiles/cmTC_94c88.dir/CheckSymbolExists.c.o  -o cmTC_94c88 
CMakeFiles/cmTC_94c88.dir/CheckSymbolExists.c.o: In function `main':
CheckSymbolExists.c:(.text+0x1b): undefined reference to `pthread_create'
collect2: error: ld returned 1 exit status
CMakeFiles/cmTC_94c88.dir/build.make:86: recipe for target 'cmTC_94c88' failed
make[1]: *** [cmTC_94c88] Error 1
make[1]: выход из каталога «/home/konst/mars_formation/build/CMakeFiles/CMakeTmp»
Makefile:121: recipe for target 'cmTC_94c88/fast' failed
make: *** [cmTC_94c88/fast] Error 2

File /home/konst/mars_formation/build/CMakeFiles/CMakeTmp/CheckSymbolExists.c:
/* */
#include <pthread.h>

int main(int argc, char** argv)
{
  (void)argv;
#ifndef pthread_create
  return ((int*)(&pthread_create))[argc];
#else
  (void)argc;
  return 0;
#endif
}

Determining if the function pthread_create exists in the pthreads failed with the following output:
Change Dir: /home/konst/mars_formation/build/CMakeFiles/CMakeTmp

Run Build Command(s):/usr/bin/make cmTC_b4193/fast 
/usr/bin/make -f CMakeFiles/cmTC_b4193.dir/build.make CMakeFiles/cmTC_b4193.dir/build
make[1]: вход в каталог «/home/konst/mars_formation/build/CMakeFiles/CMakeTmp»
Building C object CMakeFiles/cmTC_b4193.dir/CheckFunctionExists.c.o
/usr/bin/cc   -DCHECK_FUNCTION_EXISTS=pthread_create   -o CMakeFiles/cmTC_b4193.dir/CheckFunctionExists.c.o   -c /usr/local/share/cmake-3.14/Modules/CheckFunctionExists.c
Linking C executable cmTC_b4193
/usr/local/bin/cmake -E cmake_link_script CMakeFiles/cmTC_b4193.dir/link.txt --verbose=1
/usr/bin/cc  -DCHECK_FUNCTION_EXISTS=pthread_create    -rdynamic CMakeFiles/cmTC_b4193.dir/CheckFunctionExists.c.o  -o cmTC_b4193 -lpthreads 
/usr/bin/ld: cannot find -lpthreads
collect2: error: ld returned 1 exit status
CMakeFiles/cmTC_b4193.dir/build.make:86: recipe for target 'cmTC_b4193' failed
make[1]: *** [cmTC_b4193] Error 1
make[1]: выход из каталога «/home/konst/mars_formation/build/CMakeFiles/CMakeTmp»
Makefile:121: recipe for target 'cmTC_b4193/fast' failed
make: *** [cmTC_b4193/fast] Error 2


